<?xml version="1.0" encoding="UTF-8"?>
<!-- Generated by org.testng.reporters.JUnitReportReporter -->
<testsuite skipped="0" hostname="SENTHIL-PC" name="seleniumtest.ScreenShotExample" tests="1" failures="0" timestamp="2020-06-01T19:21:22 IST" time="12.757" errors="0">
  <testcase name="screenShot" time="12.757" classname="seleniumtest.ScreenShotExample"/>
  <system-out/>
</testsuite> <!-- seleniumtest.ScreenShotExample -->
