<?xml version="1.0" encoding="UTF-8"?>
<!-- Generated by org.testng.reporters.JUnitReportReporter -->
<testsuite skipped="0" hostname="SENTHIL-PC" name="Prerequesite.BasicSetUp" tests="1" failures="0" timestamp="2020-09-14T15:35:39 IST" time="17.738" errors="0">
  <testcase name="launchBrowser" time="17.738" classname="Prerequesite.BasicSetUp"/>
  <system-out/>
</testsuite> <!-- Prerequesite.BasicSetUp -->
